<?xml version="1.0" encoding="UTF-8"?>
<!-- Generated by org.testng.reporters.JUnitReportReporter -->
<testsuite hostname="DESKTOP-1PR4E99" failures="0" tests="3" name="com.cp.qa.Testcases.HomepageTest" time="56.784" errors="0" timestamp="2024-12-26T21:55:31 EST" skipped="0">
  <testcase classname="com.cp.qa.Testcases.HomepageTest" name="verifyContactspage" time="18.983"/>
  <system-out/>
  <testcase classname="com.cp.qa.Testcases.HomepageTest" name="verifyCommunicationspage" time="18.415"/>
  <system-out/>
  <testcase classname="com.cp.qa.Testcases.HomepageTest" name="verifystatuspage" time="19.386"/>
  <system-out/>
</testsuite> <!-- com.cp.qa.Testcases.HomepageTest -->
